2018/08/24 04:05:43 [error] [system.db.CDbCommand] CDbCommand::fetchAll() failed: SQLSTATE[42S02]: Base table or view not found: 1146 Table 'hdm106787551_db.h_house' doesn't exist. The SQL statement executed was: SHOW FULL COLUMNS FROM `h_house`.
2018/08/24 04:05:43 [error] [exception.CDbException] exception 'CDbException' with message '数据库中无法找到 active record class "House" 对应的 table "{{house}}".' in /var/www/html/framework/yiilite.php:8446
Stack trace:
#0 /var/www/html/framework/yiilite.php(7544): CActiveRecordMetaData->__construct(Object(House))
#1 /var/www/html/framework/yiilite.php(7618): CActiveRecord->getMetaData()
#2 /var/www/html/framework/db/ar/CActiveFinder.php(392): CActiveRecord->getTableSchema()
#3 /var/www/html/framework/db/ar/CActiveFinder.php(47): CJoinElement->__construct(Object(CActiveFinder), Object(House))
#4 /var/www/html/framework/yiilite.php(7728): CActiveFinder->__construct(Object(House), Array)
#5 /var/www/html/framework/yiilite.php(8102): CActiveRecord->getActiveFinder(Array)
#6 /var/www/html/protected/controllers/HouseController.php(395): CActiveRecord->count(Object(CDbCriteria))
#7 /var/www/html/framework/yiilite.php(4139): HouseController->actionIndex()
#8 /var/www/html/framework/yiilite.php(3652): CInlineAction->runWithParams(Array)
#9 /var/www/html/framework/yiilite.php(3637): CController->runAction(Object(CInlineAction))
#10 /var/www/html/framework/yiilite.php(3627): CController->runActionWithFilters(Object(CInlineAction), Array)
#11 /var/www/html/framework/yiilite.php(1761): CController->run('index')
#12 /var/www/html/framework/yiilite.php(1681): CWebApplication->runController('house/index')
#13 /var/www/html/framework/yiilite.php(1202): CWebApplication->processRequest()
#14 /var/www/html/index.php(23): CApplication->run()
#15 {main}
REQUEST_URI=/index.php?r=house/index&type=&cd1=5&cd2=0&cd3=0&cd4=7&cd5=0&cd6=3&cd7=0&cd8=1&cd9=0&cd10=0&cd11=0&cd12=0&cd12_2=0&cd12_3=0&cd12_4=0&cd12_5=0&cd13=0&cd14=0&cd15=0&cd16=0&cd17=0&cd18=0
---
2018/08/24 04:05:51 [error] [system.db.CDbCommand] CDbCommand::fetchAll() failed: SQLSTATE[42S02]: Base table or view not found: 1146 Table 'hdm106787551_db.h_house' doesn't exist. The SQL statement executed was: SHOW FULL COLUMNS FROM `h_house`.
2018/08/24 04:05:51 [error] [exception.CDbException] exception 'CDbException' with message '数据库中无法找到 active record class "House" 对应的 table "{{house}}".' in /var/www/html/framework/yiilite.php:8446
Stack trace:
#0 /var/www/html/framework/yiilite.php(7544): CActiveRecordMetaData->__construct(Object(House))
#1 /var/www/html/framework/yiilite.php(7618): CActiveRecord->getMetaData()
#2 /var/www/html/framework/db/ar/CActiveFinder.php(392): CActiveRecord->getTableSchema()
#3 /var/www/html/framework/db/ar/CActiveFinder.php(47): CJoinElement->__construct(Object(CActiveFinder), Object(House))
#4 /var/www/html/framework/yiilite.php(7728): CActiveFinder->__construct(Object(House), Array)
#5 /var/www/html/framework/yiilite.php(8102): CActiveRecord->getActiveFinder(Array)
#6 /var/www/html/protected/controllers/HouseController.php(395): CActiveRecord->count(Object(CDbCriteria))
#7 /var/www/html/framework/yiilite.php(4139): HouseController->actionIndex()
#8 /var/www/html/framework/yiilite.php(3652): CInlineAction->runWithParams(Array)
#9 /var/www/html/framework/yiilite.php(3637): CController->runAction(Object(CInlineAction))
#10 /var/www/html/framework/yiilite.php(3627): CController->runActionWithFilters(Object(CInlineAction), Array)
#11 /var/www/html/framework/yiilite.php(1761): CController->run('index')
#12 /var/www/html/framework/yiilite.php(1681): CWebApplication->runController('house/index')
#13 /var/www/html/framework/yiilite.php(1202): CWebApplication->processRequest()
#14 /var/www/html/index.php(23): CApplication->run()
#15 {main}
REQUEST_URI=/index.php?r=house/index&type=rent&cd1=0&cd2=0&cd3=0&cd4=0&cd5=0&cd6=9&cd7=4&cd8=0&cd9=0&cd10=0&cd11=0&cd12=0&cd12_2=0&cd12_3=0&cd12_4=0&cd12_5=0&cd13=0&cd14=0&cd15=0&cd16=1&cd17=0&cd18=0
---
2018/08/24 04:05:55 [error] [system.db.CDbCommand] CDbCommand::fetchAll() failed: SQLSTATE[42S02]: Base table or view not found: 1146 Table 'hdm106787551_db.h_house' doesn't exist. The SQL statement executed was: SHOW FULL COLUMNS FROM `h_house`.
2018/08/24 04:05:55 [error] [exception.CDbException] exception 'CDbException' with message '数据库中无法找到 active record class "House" 对应的 table "{{house}}".' in /var/www/html/framework/yiilite.php:8446
Stack trace:
#0 /var/www/html/framework/yiilite.php(7544): CActiveRecordMetaData->__construct(Object(House))
#1 /var/www/html/framework/yiilite.php(7618): CActiveRecord->getMetaData()
#2 /var/www/html/framework/db/ar/CActiveFinder.php(392): CActiveRecord->getTableSchema()
#3 /var/www/html/framework/db/ar/CActiveFinder.php(47): CJoinElement->__construct(Object(CActiveFinder), Object(House))
#4 /var/www/html/framework/yiilite.php(7728): CActiveFinder->__construct(Object(House), Array)
#5 /var/www/html/framework/yiilite.php(8102): CActiveRecord->getActiveFinder(Array)
#6 /var/www/html/protected/controllers/HouseController.php(395): CActiveRecord->count(Object(CDbCriteria))
#7 /var/www/html/framework/yiilite.php(4139): HouseController->actionIndex()
#8 /var/www/html/framework/yiilite.php(3652): CInlineAction->runWithParams(Array)
#9 /var/www/html/framework/yiilite.php(3637): CController->runAction(Object(CInlineAction))
#10 /var/www/html/framework/yiilite.php(3627): CController->runActionWithFilters(Object(CInlineAction), Array)
#11 /var/www/html/framework/yiilite.php(1761): CController->run('index')
#12 /var/www/html/framework/yiilite.php(1681): CWebApplication->runController('house/index')
#13 /var/www/html/framework/yiilite.php(1202): CWebApplication->processRequest()
#14 /var/www/html/index.php(23): CApplication->run()
#15 {main}
REQUEST_URI=/index.php?r=house/index&type=&cd1=0&cd2=0&cd3=0&cd4=6&cd5=0&cd6=0&cd7=0&cd8=0&cd9=0&cd10=4&cd11=0&cd12=0&cd12_2=0&cd12_3=0&cd12_4=0&cd12_5=0&cd13=0&cd14=0&cd15=0&cd16=3&cd17=0&cd18=0
---
2018/08/24 04:06:27 [error] [system.db.CDbCommand] CDbCommand::fetchAll() failed: SQLSTATE[42S02]: Base table or view not found: 1146 Table 'hdm106787551_db.h_house' doesn't exist. The SQL statement executed was: SHOW FULL COLUMNS FROM `h_house`.
2018/08/24 04:06:27 [error] [exception.CDbException] exception 'CDbException' with message '数据库中无法找到 active record class "House" 对应的 table "{{house}}".' in /var/www/html/framework/yiilite.php:8446
Stack trace:
#0 /var/www/html/framework/yiilite.php(7544): CActiveRecordMetaData->__construct(Object(House))
#1 /var/www/html/framework/yiilite.php(7618): CActiveRecord->getMetaData()
#2 /var/www/html/framework/db/ar/CActiveFinder.php(392): CActiveRecord->getTableSchema()
#3 /var/www/html/framework/db/ar/CActiveFinder.php(47): CJoinElement->__construct(Object(CActiveFinder), Object(House))
#4 /var/www/html/framework/yiilite.php(7728): CActiveFinder->__construct(Object(House), Array)
#5 /var/www/html/framework/yiilite.php(7971): CActiveRecord->getActiveFinder(Array)
#6 /var/www/html/framework/yiilite.php(8031): CActiveRecord->query(Object(CDbCriteria))
#7 /var/www/html/protected/controllers/HouseController.php(482): CActiveRecord->find(Object(CDbCriteria))
#8 [internal function]: HouseController->actionView('263440726')
#9 /var/www/html/framework/yiilite.php(4121): ReflectionMethod->invokeArgs(Object(HouseController), Array)
#10 /var/www/html/framework/yiilite.php(4138): CAction->runWithParamsInternal(Object(HouseController), Object(ReflectionMethod), Array)
#11 /var/www/html/framework/yiilite.php(3652): CInlineAction->runWithParams(Array)
#12 /var/www/html/framework/yiilite.php(3637): CController->runAction(Object(CInlineAction))
#13 /var/www/html/framework/yiilite.php(3627): CController->runActionWithFilters(Object(CInlineAction), Array)
#14 /var/www/html/framework/yiilite.php(1761): CController->run('view')
#15 /var/www/html/framework/yiilite.php(1681): CWebApplication->runController('house/view')
#16 /var/www/html/framework/yiilite.php(1202): CWebApplication->processRequest()
#17 /var/www/html/index.php(23): CApplication->run()
#18 {main}
REQUEST_URI=/index.php?r=house/view&id=263440726
---
2018/08/24 04:06:38 [error] [system.db.CDbCommand] CDbCommand::fetchAll() failed: SQLSTATE[42S02]: Base table or view not found: 1146 Table 'hdm106787551_db.h_house' doesn't exist. The SQL statement executed was: SHOW FULL COLUMNS FROM `h_house`.
2018/08/24 04:06:38 [error] [exception.CDbException] exception 'CDbException' with message '数据库中无法找到 active record class "House" 对应的 table "{{house}}".' in /var/www/html/framework/yiilite.php:8446
Stack trace:
#0 /var/www/html/framework/yiilite.php(7544): CActiveRecordMetaData->__construct(Object(House))
#1 /var/www/html/framework/yiilite.php(7618): CActiveRecord->getMetaData()
#2 /var/www/html/framework/db/ar/CActiveFinder.php(392): CActiveRecord->getTableSchema()
#3 /var/www/html/framework/db/ar/CActiveFinder.php(47): CJoinElement->__construct(Object(CActiveFinder), Object(House))
#4 /var/www/html/framework/yiilite.php(7728): CActiveFinder->__construct(Object(House), Array)
#5 /var/www/html/framework/yiilite.php(8102): CActiveRecord->getActiveFinder(Array)
#6 /var/www/html/protected/controllers/HouseController.php(395): CActiveRecord->count(Object(CDbCriteria))
#7 /var/www/html/framework/yiilite.php(4139): HouseController->actionIndex()
#8 /var/www/html/framework/yiilite.php(3652): CInlineAction->runWithParams(Array)
#9 /var/www/html/framework/yiilite.php(3637): CController->runAction(Object(CInlineAction))
#10 /var/www/html/framework/yiilite.php(3627): CController->runActionWithFilters(Object(CInlineAction), Array)
#11 /var/www/html/framework/yiilite.php(1761): CController->run('index')
#12 /var/www/html/framework/yiilite.php(1681): CWebApplication->runController('house/index')
#13 /var/www/html/framework/yiilite.php(1202): CWebApplication->processRequest()
#14 /var/www/html/index.php(23): CApplication->run()
#15 {main}
REQUEST_URI=/index.php?r=house/index&type=&cd1=4&cd2=0&cd3=0&cd4=2&cd5=450-600&cd6=3&cd7=0&cd8=0&cd9=0&cd10=0&cd11=0&cd12=0&cd12_2=0&cd12_3=0&cd12_4=0&cd12_5=0&cd13=0&cd14=0&cd15=0&cd16=0&cd17=0&cd18=0
---
2018/08/24 04:09:11 [error] [system.db.CDbCommand] CDbCommand::() failed: SQLSTATE[42S02]: Base table or view not found: 1146 Table 'hdm106787551_db.h_house' doesn't exist. The SQL statement executed was: 
			SELECT count(*) c, h.municipality m , municipality_cname cn,	m.lat lat,m.lng lng
			FROM h_house h,h_mname m
			WHERE latitude <=56.775933461807
			AND latitude >=33.99670348242
			AND longitude <=-60.06785703125
			AND longitude >=-72.85594296875 AND s_r = 'Sale'  AND lp_dol >= 30000
			
			AND h.municipality = m.municipality
			GROUP BY m
			ORDER BY c DESC	.
2018/08/24 04:09:11 [error] [exception.CDbException] exception 'CDbException' with message 'CDbCommand 无法执行 SQL 语句: SQLSTATE[42S02]: Base table or view not found: 1146 Table 'hdm106787551_db.h_house' doesn't exist. The SQL statement executed was: 
			SELECT count(*) c, h.municipality m , municipality_cname cn,	m.lat lat,m.lng lng
			FROM h_house h,h_mname m
			WHERE latitude <=56.775933461807
			AND latitude >=33.99670348242
			AND longitude <=-60.06785703125
			AND longitude >=-72.85594296875 AND s_r = 'Sale'  AND lp_dol >= 30000
			
			AND h.municipality = m.municipality
			GROUP BY m
			ORDER BY c DESC	' in /var/www/html/framework/yiilite.php:9510
Stack trace:
#0 /var/www/html/framework/yiilite.php(9429): CDbCommand->queryInternal('', 0, Array)
#1 /var/www/html/protected/controllers/MapController.php(204): CDbCommand->query()
#2 /var/www/html/framework/yiilite.php(4139): MapController->actionGetMapHouse()
#3 /var/www/html/framework/yiilite.php(3652): CInlineAction->runWithParams(Array)
#4 /var/www/html/framework/yiilite.php(3637): CController->runAction(Object(CInlineAction))
#5 /var/www/html/framework/yiilite.php(3627): CController->runActionWithFilters(Object(CInlineAction), Array)
#6 /var/www/html/framework/yiilite.php(1761): CController->run('getMapHouse')
#7 /var/www/html/framework/yiilite.php(1681): CWebApplication->runController('map/getMapHouse')
#8 /var/www/html/framework/yiilite.php(1202): CWebApplication->processRequest()
#9 /var/www/html/index.php(23): CApplication->run()
#10 {main}
REQUEST_URI=/index.php?r=map/getMapHouse
HTTP_REFERER=http://dynavr.ca/index.php?r=map/index&cd1=7&cd2=0&cd4=0&cd5=3&cd7=4000,6000&cd8=4&cd9=&type=
---
